#INS  A4
/send 00A4040008A00000082000030100
#INS  12
/send 8012000063076EDD3AA82C735D7C3FD7C2FD5678AE74D50BCD1846D67774FF8F1E4F7D25718041044E560B460DA262A652932E33A0CFC973300A105564E837658EE23135990B95588155E5E03095F0458C6308A5F0B145EE5635F1A2B5802E4B5D9905B30CCE0506
#INS  12
/send 8012010020470DF5BBEEF30D2A599CE1244F0AC7074BF0EC40C89E9F94655721F042092EBD
#INS  10
/send 801000004104DB982C7D0E6E7B958CC4E4EC2C2B58139A1CE2487C017E5D665ADC3CBFB6F06401B9B58A2BFA238127717AE83A8052602507C0AD3132AF045E64EF4D0E7BB7F5
#INS  11
/send 801100004023A0873286F733CA1677D55ECA3CEAA187E180147DF93AA6B0C8785EC2951ABA40CA8CC0B466CC4F5ADA53402CDB2AF34871EAA763EB33CF2B67363DDFE164F0
#INS  20
/send 80200000207B6B5F12A90884913EF0D89408A9B9FA26B42E9F2910BF3003888C3E0BF8FBE2
#INS  32
/send 003200003046F34C289BE14683EE36153485F7A96778DECC1747F3E8A95C6DFACC475A081336D20296366287A617EDFE0157B93459
#INS  33
/send 00330000203BB07AFB4B8074DC6CD2149F6CDB82F33F47BE0B751C0134DC57BFC8BE943D3A
#INS  33
/send 00330000208654372CA9518E296F999EA69D9F958826382ABE40C36D805EEC86D826F83F13
#INS  33
/send 003300002090D9ED1D7B238CE6A8998FBB677D0C5483842783A074B8F08F7FBC19865756A7
#INS  33
/send 0033000020E374660CF8733C7ABE8128F61585F0DCB9518C8EECF6566021521C73B8EEFF67
#INS  30
/send 00300000203BC2A5127DDF8E52297FF06A26234527BE8D8D36981BD139564F6750B5176322
#INS  32
/send 00320000306344CCCE5A51C4A481DC944A074874198C694BEFB44A1E5A5AAE1B851BB025554E6553F793E3E46A3DE31BF4D01D6BC0
#INS  33
/send 003300002026F3474C33206E6FD9BA8B6B3BDC52D64820AE7FD7AFE75216AFA99F749BBCB6
#INS  33
/send 0033000020CDB6F9809A025FD7FDC0722D94E648A832EF5E7C1CC3FD688FA71DB429200C34
#INS  33
/send 00330000205D5AAEDB458B4E5D55DCF780E287C4F0AA4315AF0627E54D0CEC83AEDFA39989
#INS  33
/send 0033000020E8BAFFBC72004A1C4CD9A877BA694537CE91C3FF23F73250B904134F4E85AD48
#INS  33
/send 00330000209C32ED7FE96D3C1EDDDB2CA8FB28073BD8982888EB39732D3EC603B8EBB4A315
